INFO  2022-12-02T09:12:55.505 ThreadId(10) [1P:op-settings/src/store/json_store.rs:109] Settings file "/home/$USER/.config/1Password/settings/settings.json" missing, using defaults.
INFO  2022-12-02T09:12:55.515 ThreadId(10) [client:typescript] Client starting.
ERROR 2022-12-02T09:12:55.794 ThreadId(10) [1P:ffi/op-core-node/src/lib.rs:786] Failed to load crash reports from disk: Os { code: 2, kind: NotFound, message: "No such file or directory" }
INFO  2022-12-02T09:12:55.800 tokio-runtime-worker(ThreadId(6)) [1P:native-messaging/op-native-core-integration/src/lib.rs:281] Starting IPC listener on 1Password-BrowserSupport
INFO  2022-12-02T09:12:55.800 ThreadId(10) [1P:op-localization/src/lib.rs:241] system locale detected as 'en_US'
INFO  2022-12-02T09:12:55.801 ThreadId(10) [1P:op-localization/src/lib.rs:267] selected translations for EN_US based on detected locale en-US
INFO  2022-12-02T09:12:55.801 ThreadId(10) [status:op-app/src/app.rs:401] App::new(1Password for Linux/80908009 (EN_US), /home/$USER/.config/1Password/1password.sqlite)
INFO  2022-12-02T09:12:55.802 tokio-runtime-worker(ThreadId(6)) [1P:native-messaging/op-native-core-integration/src/lib.rs:293] Active native core integration is awaiting messages
INFO  2022-12-02T09:12:55.813 ThreadId(10) [1P:op-db/src/db.rs:120] Starting DB at version: 0
INFO  2022-12-02T09:12:55.813 ThreadId(10) [1P:op-db/src/db.rs:128] Database is being created at '/home/$USER/.config/1Password/1password.sqlite' (sqlite: 3035004)
INFO  2022-12-02T09:12:55.820 ThreadId(10) [1P:op-db/src/db.rs:397] Updated DB Schema to version 001
INFO  2022-12-02T09:12:55.827 ThreadId(10) [1P:op-db/src/db.rs:418] Updated DB Schema to version 002
INFO  2022-12-02T09:12:55.839 ThreadId(10) [1P:op-db/src/db.rs:429] Updated DB Schema to version 003
INFO  2022-12-02T09:12:55.845 ThreadId(10) [1P:op-db/src/db.rs:444] Updated DB Schema to version 005
INFO  2022-12-02T09:12:55.853 ThreadId(10) [1P:op-db/src/db.rs:459] Updated DB Schema to version 006
INFO  2022-12-02T09:12:55.858 ThreadId(10) [1P:op-db/src/db.rs:472] Updated DB Schema to version 007
INFO  2022-12-02T09:12:55.864 ThreadId(10) [1P:op-db/src/db.rs:485] Updated DB Schema to version 008
INFO  2022-12-02T09:12:55.873 ThreadId(10) [1P:op-db/src/db.rs:498] Updated DB Schema to version 009
INFO  2022-12-02T09:12:55.880 ThreadId(10) [1P:op-db/src/db.rs:511] Updated DB Schema to version 011
INFO  2022-12-02T09:12:55.880 ThreadId(10) [1P:op-db/src/db.rs:525] Updated DB Schema to version 012
INFO  2022-12-02T09:12:55.886 ThreadId(10) [1P:op-db/src/db.rs:538] Updated DB Schema to version 013
INFO  2022-12-02T09:12:55.893 ThreadId(10) [1P:op-db/src/db.rs:551] Updated DB Schema to version 014
INFO  2022-12-02T09:12:55.900 ThreadId(10) [1P:op-db/src/db.rs:564] Updated DB Schema to version 015
INFO  2022-12-02T09:12:55.915 ThreadId(10) [1P:op-db/src/db.rs:577] Updated DB Schema to version 016
INFO  2022-12-02T09:12:55.925 ThreadId(10) [1P:op-db/src/db.rs:590] Updated DB Schema to version 017
INFO  2022-12-02T09:12:55.935 ThreadId(10) [1P:op-db/src/db.rs:603] Updated DB Schema to version 018
INFO  2022-12-02T09:12:55.950 ThreadId(10) [1P:op-db/src/db.rs:616] Updated DB Schema to version 019
INFO  2022-12-02T09:12:55.965 ThreadId(10) [1P:op-db/src/db.rs:728] Updated DB Schema to version 021
INFO  2022-12-02T09:12:55.974 ThreadId(10) [1P:op-db/src/db.rs:741] Updated DB Schema to version 022
INFO  2022-12-02T09:12:55.985 ThreadId(10) [1P:op-db/src/db.rs:754] Updated DB Schema to version 023
INFO  2022-12-02T09:12:55.993 ThreadId(10) [1P:op-db/src/db.rs:767] Updated DB Schema to version 024
INFO  2022-12-02T09:12:56.004 ThreadId(10) [1P:op-db/src/db.rs:780] Updated DB Schema to version 025
INFO  2022-12-02T09:12:56.010 ThreadId(10) [1P:op-db/src/db.rs:893] Updated DB Schema to version 026
ERROR 2022-12-02T09:12:56.018 ThreadId(10) [1P:op-app/src/app.rs:481] Failed to read password expiry duration setting: Error("EOF while parsing a value", line: 1, column: 0)
ERROR 2022-12-02T09:12:56.032 ThreadId(10) [1P:ssh/op-ssh-config/src/lib.rs:153] Could not open ssh config file in ~/.ssh/config
ERROR 2022-12-02T09:12:56.032 ThreadId(10) [1P:ffi/op-core-node/src/lib.rs:66] Attempted to notify uninitialized App
ERROR 2022-12-02T09:12:56.032 ThreadId(10) [1P:/builds/dev/core/core/ssh/op-ssh-config/src/lib.rs:140] Failed to start ssh config file watcher: Io(Os { code: 2, kind: NotFound, message: "No such file or directory" })
INFO  2022-12-02T09:12:56.045 op_executor:invocation_loop(ThreadId(17)) [1P:native-messaging/op-nm-installer/src/nix_utils.rs:48] Creating manifest directory for Chromium at /home/$USER/.config/google-chrome/NativeMessagingHosts
INFO  2022-12-02T09:12:56.045 op_executor:invocation_loop(ThreadId(17)) [1P:native-messaging/op-nm-installer/src/nix_utils.rs:68] Created NMH manifest at /home/$USER/.config/google-chrome/NativeMessagingHosts/com.1password.1password.json
INFO  2022-12-02T09:12:56.045 op_executor:invocation_loop(ThreadId(17)) [1P:native-messaging/op-nm-installer/src/nix_utils.rs:48] Creating manifest directory for Chromium at /home/$USER/.config/google-chrome-beta/NativeMessagingHosts
INFO  2022-12-02T09:12:56.045 op_executor:invocation_loop(ThreadId(17)) [1P:native-messaging/op-nm-installer/src/nix_utils.rs:68] Created NMH manifest at /home/$USER/.config/google-chrome-beta/NativeMessagingHosts/com.1password.1password.json
INFO  2022-12-02T09:12:56.045 op_executor:invocation_loop(ThreadId(17)) [1P:native-messaging/op-nm-installer/src/nix_utils.rs:48] Creating manifest directory for Chromium at /home/$USER/.config/google-chrome-unstable/NativeMessagingHosts
INFO  2022-12-02T09:12:56.046 op_executor:invocation_loop(ThreadId(17)) [1P:native-messaging/op-nm-installer/src/nix_utils.rs:68] Created NMH manifest at /home/$USER/.config/google-chrome-unstable/NativeMessagingHosts/com.1password.1password.json
INFO  2022-12-02T09:12:56.046 op_executor:invocation_loop(ThreadId(17)) [1P:native-messaging/op-nm-installer/src/nix_utils.rs:48] Creating manifest directory for Chromium at /home/$USER/.config/chromium/NativeMessagingHosts
INFO  2022-12-02T09:12:56.046 op_executor:invocation_loop(ThreadId(17)) [1P:native-messaging/op-nm-installer/src/nix_utils.rs:68] Created NMH manifest at /home/$USER/.config/chromium/NativeMessagingHosts/com.1password.1password.json
INFO  2022-12-02T09:12:56.046 op_executor:invocation_loop(ThreadId(17)) [1P:native-messaging/op-nm-installer/src/nix_utils.rs:48] Creating manifest directory for Chromium at /home/$USER/.config/microsoft-edge-dev/NativeMessagingHosts
INFO  2022-12-02T09:12:56.046 op_executor:invocation_loop(ThreadId(17)) [1P:native-messaging/op-nm-installer/src/nix_utils.rs:68] Created NMH manifest at /home/$USER/.config/microsoft-edge-dev/NativeMessagingHosts/com.1password.1password.json
INFO  2022-12-02T09:12:56.046 op_executor:invocation_loop(ThreadId(17)) [1P:native-messaging/op-nm-installer/src/nix_utils.rs:68] Created NMH manifest at /home/$USER/.config/BraveSoftware/Brave-Browser/NativeMessagingHosts/com.1password.1password.json
INFO  2022-12-02T09:12:56.046 op_executor:invocation_loop(ThreadId(17)) [1P:native-messaging/op-nm-installer/src/nix_utils.rs:48] Creating manifest directory for Chromium at /home/$USER/.config/vivaldi/NativeMessagingHosts
INFO  2022-12-02T09:12:56.046 op_executor:invocation_loop(ThreadId(17)) [1P:native-messaging/op-nm-installer/src/nix_utils.rs:68] Created NMH manifest at /home/$USER/.config/vivaldi/NativeMessagingHosts/com.1password.1password.json
INFO  2022-12-02T09:12:56.046 op_executor:invocation_loop(ThreadId(17)) [1P:native-messaging/op-nm-installer/src/nix_utils.rs:48] Creating manifest directory for Chromium at /home/$USER/.config/vivaldi-snapshot/NativeMessagingHosts
INFO  2022-12-02T09:12:56.047 op_executor:invocation_loop(ThreadId(17)) [1P:native-messaging/op-nm-installer/src/nix_utils.rs:68] Created NMH manifest at /home/$USER/.config/vivaldi-snapshot/NativeMessagingHosts/com.1password.1password.json
INFO  2022-12-02T09:12:56.047 op_executor:invocation_loop(ThreadId(17)) [1P:native-messaging/op-nm-installer/src/nix_utils.rs:48] Creating manifest directory for Firefox at /home/$USER/.mozilla/native-messaging-hosts
INFO  2022-12-02T09:12:56.047 op_executor:invocation_loop(ThreadId(17)) [1P:native-messaging/op-nm-installer/src/nix_utils.rs:68] Created NMH manifest at /home/$USER/.mozilla/native-messaging-hosts/com.1password.1password.json
INFO  2022-12-02T09:12:56.047 op_executor:invocation_loop(ThreadId(17)) [1P:native-messaging/op-nm-installer/src/nix_utils.rs:83] Successfully installed all native messaging manifests.
INFO  2022-12-02T09:14:17.040 tokio-runtime-worker(ThreadId(8)) [1P:native-messaging/op-native-core-integration/src/lib.rs:305] Extension connecting.
INFO  2022-12-02T09:14:17.040 tokio-runtime-worker(ThreadId(8)) [1P:native-messaging/op-native-core-integration/src/lib.rs:307] Extension connection accepted.
INFO  2022-12-02T09:18:26.704 tokio-runtime-worker(ThreadId(5)) [1P:op-b5-client/src/internal/unauthorized_session.rs:623] Registered device 47mdnmjqj2gk2pztgczxknqnxe
ERROR 2022-12-02T09:18:27.230 tokio-runtime-worker(ThreadId(5)) [1P:op-app/src/app/backend/signin.rs:534] error signing in from data layer: UnableToCreateClient(FetchError(post_auth_verify, code: HttpStatus(401), Session ID: Some(Y5BGR3BO)))
ERROR 2022-12-02T09:18:27.230 tokio-runtime-worker(ThreadId(5)) [1P:/builds/dev/core/core/op-signin/src/lib.rs:653] error signing in from data layer: other error
ERROR 2022-12-02T09:18:27.230 tokio-runtime-worker(ThreadId(5)) [1P:/builds/dev/core/core/ui/op-signin-ui/src/handlers.rs:1011] Error signing in: other error
ERROR 2022-12-02T09:18:34.658 tokio-runtime-worker(ThreadId(3)) [1P:op-app/src/app/backend/signin.rs:534] error signing in from data layer: UnableToCreateClient(FetchError(post_auth_verify, code: HttpStatus(401), Session ID: Some(P4QZ3XIQ)))
ERROR 2022-12-02T09:18:34.658 tokio-runtime-worker(ThreadId(3)) [1P:/builds/dev/core/core/op-signin/src/lib.rs:653] error signing in from data layer: other error
ERROR 2022-12-02T09:18:34.658 tokio-runtime-worker(ThreadId(3)) [1P:/builds/dev/core/core/ui/op-signin-ui/src/handlers.rs:1011] Error signing in: other error
ERROR 2022-12-02T09:18:42.514 tokio-runtime-worker(ThreadId(8)) [1P:op-app/src/app/backend/signin.rs:534] error signing in from data layer: UnableToCreateClient(FetchError(post_auth_verify, code: HttpStatus(401), Session ID: Some(DJKHWGLL)))
ERROR 2022-12-02T09:18:42.514 tokio-runtime-worker(ThreadId(8)) [1P:/builds/dev/core/core/op-signin/src/lib.rs:653] error signing in from data layer: other error
ERROR 2022-12-02T09:18:42.514 tokio-runtime-worker(ThreadId(8)) [1P:/builds/dev/core/core/ui/op-signin-ui/src/handlers.rs:1011] Error signing in: other error
INFO  2022-12-02T09:18:46.958 tokio-runtime-worker(ThreadId(3)) [1P:data/op-add-account/src/lib.rs:293] starting initial account sync
INFO  2022-12-02T09:18:48.677 tokio-runtime-worker(ThreadId(5)) [1P:op-syncer/src/sync_job.rs:291] synced account 36UMSKCEQVECLD7M67FDLPHCXE (1.718021513s)
INFO  2022-12-02T09:18:48.766 tokio-runtime-worker(ThreadId(8)) [1P:op-data-layer/src/load.rs:97] loaded 0 items in 6 vaults for account: 36UMSKCEQVECLD7M67FDLPHCXE
INFO  2022-12-02T09:18:48.769 op_executor:invocation_loop(ThreadId(17)) [1P:op-app/src/app/backend/unlock.rs:123] Lock state changed: Unlocked
INFO  2022-12-02T09:18:48.837 tokio-runtime-worker(ThreadId(3)) [1P:op-settings/src/store/json_store.rs:109] Settings file "/home/$USER/.config/1Password/settings/settings.json" missing, using defaults.
INFO  2022-12-02T09:18:48.953 tokio-runtime-worker(ThreadId(4)) [1P:op-app/src/app/backend/signin.rs:640] cancelling a sign in session
INFO  2022-12-02T09:18:49.236 tokio-runtime-worker(ThreadId(8)) [1P:data/op-account-ext-syncer/src/lib.rs:187] The B5 Notifier for (36UMSKCEQVECLD7M67FDLPHCXE) has connected, now monitoring for events.
INFO  2022-12-02T09:18:52.611 tokio-runtime-worker(ThreadId(8)) [1P:op-syncer/src/sync_job.rs:291] synced account 36UMSKCEQVECLD7M67FDLPHCXE (3.698022416s)
INFO  2022-12-02T09:18:52.611 tokio-runtime-worker(ThreadId(8)) [1P:data/op-file-transfer/src/lib.rs:561] find_and_complete_pending_uploads: '36UMSKCEQVECLD7M67FDLPHCXE'
INFO  2022-12-02T09:18:54.585 ThreadId(10) [client:typescript] Settings file changed.
ERROR 2022-12-02T09:18:54.609 tokio-runtime-worker(ThreadId(2)) [1P:op-ui/src/icon_types.rs:310] Unable to fetch resource for item 4ylketlp5xzrogpcfwbrqtu3wu (Size: List, Scale: TwoX), resource likely not found
ERROR 2022-12-02T09:18:54.609 tokio-runtime-worker(ThreadId(2)) [1P:op-ui/src/icon_types.rs:310] Unable to fetch resource for item etifzffucwllbtdgcnlcnwj45m (Size: List, Scale: TwoX), resource likely not found
ERROR 2022-12-02T09:18:54.609 tokio-runtime-worker(ThreadId(2)) [1P:op-ui/src/icon_types.rs:310] Unable to fetch resource for item qbxauidmvgfzuvyesto6abkaxy (Size: List, Scale: TwoX), resource likely not found
ERROR 2022-12-02T09:18:54.609 tokio-runtime-worker(ThreadId(2)) [1P:op-ui/src/icon_types.rs:310] Unable to fetch resource for item wmuhlovs6y2dzr7irnjodcceku (Size: List, Scale: TwoX), resource likely not found
ERROR 2022-12-02T09:18:54.609 tokio-runtime-worker(ThreadId(2)) [1P:op-ui/src/icon_types.rs:310] Unable to fetch resource for item 6rje3uqbm2zrblcr5rdgcwy7yq (Size: List, Scale: TwoX), resource likely not found
ERROR 2022-12-02T09:18:54.610 tokio-runtime-worker(ThreadId(2)) [1P:op-ui/src/icon_types.rs:310] Unable to fetch resource for item np2cnaaq27s3wwblrvwzfure6u (Size: List, Scale: TwoX), resource likely not found
INFO  2022-12-02T09:19:31.252 tokio-runtime-worker(ThreadId(8)) [1P:native-messaging/op-native-core-integration/src/lib.rs:299] Setting has been toggled on/off, restarting native core integration
INFO  2022-12-02T09:19:31.253 tokio-runtime-worker(ThreadId(8)) [1P:native-messaging/op-native-core-integration/src/lib.rs:281] Starting IPC listener on 1Password-BrowserSupport
ERROR 2022-12-02T09:19:31.253 tokio-runtime-worker(ThreadId(8)) [1P:native-messaging/op-native-core-integration/src/connection_handler.rs:37] Dropping connection with b5x due to error handling outgoing message: EndConnection
INFO  2022-12-02T09:19:31.253 tokio-runtime-worker(ThreadId(8)) [1P:native-messaging/op-native-core-integration/src/lib.rs:293] Active native core integration is awaiting messages
ERROR 2022-12-02T09:19:31.269 tokio-runtime-worker(ThreadId(7)) [1P:op-ui/src/icon_types.rs:310] Unable to fetch resource for item 4ylketlp5xzrogpcfwbrqtu3wu (Size: List, Scale: TwoX), resource likely not found
ERROR 2022-12-02T09:19:31.269 tokio-runtime-worker(ThreadId(7)) [1P:op-ui/src/icon_types.rs:310] Unable to fetch resource for item etifzffucwllbtdgcnlcnwj45m (Size: List, Scale: TwoX), resource likely not found
ERROR 2022-12-02T09:19:31.269 tokio-runtime-worker(ThreadId(7)) [1P:op-ui/src/icon_types.rs:310] Unable to fetch resource for item qbxauidmvgfzuvyesto6abkaxy (Size: List, Scale: TwoX), resource likely not found
ERROR 2022-12-02T09:19:31.269 tokio-runtime-worker(ThreadId(7)) [1P:op-ui/src/icon_types.rs:310] Unable to fetch resource for item wmuhlovs6y2dzr7irnjodcceku (Size: List, Scale: TwoX), resource likely not found
ERROR 2022-12-02T09:19:31.269 tokio-runtime-worker(ThreadId(7)) [1P:op-ui/src/icon_types.rs:310] Unable to fetch resource for item 6rje3uqbm2zrblcr5rdgcwy7yq (Size: List, Scale: TwoX), resource likely not found
ERROR 2022-12-02T09:19:31.269 tokio-runtime-worker(ThreadId(7)) [1P:op-ui/src/icon_types.rs:310] Unable to fetch resource for item np2cnaaq27s3wwblrvwzfure6u (Size: List, Scale: TwoX), resource likely not found
INFO  2022-12-02T09:19:38.316 tokio-runtime-worker(ThreadId(6)) [1P:native-messaging/op-native-core-integration/src/lib.rs:305] Extension connecting.
INFO  2022-12-02T09:19:38.316 tokio-runtime-worker(ThreadId(6)) [1P:native-messaging/op-native-core-integration/src/lib.rs:307] Extension connection accepted.
ERROR 2022-12-02T09:20:53.528 tokio-runtime-worker(ThreadId(6)) [1P:op-app/src/app/backend/signin.rs:534] error signing in from data layer: UnableToCreateClient(PostAuthFailed(401))
ERROR 2022-12-02T09:20:53.528 tokio-runtime-worker(ThreadId(6)) [1P:/builds/dev/core/core/op-signin/src/lib.rs:653] error signing in from data layer: other error
ERROR 2022-12-02T09:20:53.528 tokio-runtime-worker(ThreadId(6)) [1P:/builds/dev/core/core/ui/op-signin-ui/src/handlers.rs:1011] Error signing in: other error
ERROR 2022-12-02T09:21:05.225 tokio-runtime-worker(ThreadId(4)) [1P:op-app/src/app/backend/signin.rs:534] error signing in from data layer: UnableToCreateClient(PostAuthFailed(401))
ERROR 2022-12-02T09:21:05.225 tokio-runtime-worker(ThreadId(4)) [1P:/builds/dev/core/core/op-signin/src/lib.rs:653] error signing in from data layer: other error
ERROR 2022-12-02T09:21:05.225 tokio-runtime-worker(ThreadId(4)) [1P:/builds/dev/core/core/ui/op-signin-ui/src/handlers.rs:1011] Error signing in: other error
ERROR 2022-12-02T09:21:26.013 tokio-runtime-worker(ThreadId(6)) [1P:op-app/src/app/backend/signin.rs:534] error signing in from data layer: UnableToCreateClient(PostAuthFailed(401))
ERROR 2022-12-02T09:21:26.013 tokio-runtime-worker(ThreadId(6)) [1P:/builds/dev/core/core/op-signin/src/lib.rs:653] error signing in from data layer: other error
ERROR 2022-12-02T09:21:26.013 tokio-runtime-worker(ThreadId(6)) [1P:/builds/dev/core/core/ui/op-signin-ui/src/handlers.rs:1011] Error signing in: other error
INFO  2022-12-02T09:22:19.093 tokio-runtime-worker(ThreadId(4)) [1P:op-b5-client/src/internal/unauthorized_session.rs:623] Registered device 47mdnmjqj2gk2pztgczxknqnxe
INFO  2022-12-02T09:22:19.739 tokio-runtime-worker(ThreadId(8)) [1P:data/op-add-account/src/lib.rs:293] starting initial account sync
INFO  2022-12-02T09:22:22.668 tokio-runtime-worker(ThreadId(4)) [1P:op-syncer/src/sync_job.rs:291] synced account ACK76EKM2BBO3AZPAEZ372XPKE (2.9284836800000003s)
INFO  2022-12-02T09:22:22.724 tokio-runtime-worker(ThreadId(8)) [1P:op-data-layer/src/load.rs:97] loaded 0 items in 14 vaults for account: ACK76EKM2BBO3AZPAEZ372XPKE
INFO  2022-12-02T09:22:22.726 op_executor:invocation_loop(ThreadId(17)) [1P:op-app/src/app/backend/unlock.rs:123] Lock state changed: Unlocked
ERROR 2022-12-02T09:22:22.746 tokio-runtime-worker(ThreadId(6)) [1P:op-ui/src/icon_types.rs:310] Unable to fetch resource for item 4ylketlp5xzrogpcfwbrqtu3wu (Size: List, Scale: TwoX), resource likely not found
ERROR 2022-12-02T09:22:22.746 tokio-runtime-worker(ThreadId(6)) [1P:op-ui/src/icon_types.rs:310] Unable to fetch resource for item etifzffucwllbtdgcnlcnwj45m (Size: List, Scale: TwoX), resource likely not found
ERROR 2022-12-02T09:22:22.746 tokio-runtime-worker(ThreadId(6)) [1P:op-ui/src/icon_types.rs:310] Unable to fetch resource for item qbxauidmvgfzuvyesto6abkaxy (Size: List, Scale: TwoX), resource likely not found
ERROR 2022-12-02T09:22:22.746 tokio-runtime-worker(ThreadId(6)) [1P:op-ui/src/icon_types.rs:310] Unable to fetch resource for item wmuhlovs6y2dzr7irnjodcceku (Size: List, Scale: TwoX), resource likely not found
ERROR 2022-12-02T09:22:22.746 tokio-runtime-worker(ThreadId(6)) [1P:op-ui/src/icon_types.rs:310] Unable to fetch resource for item 6rje3uqbm2zrblcr5rdgcwy7yq (Size: List, Scale: TwoX), resource likely not found
ERROR 2022-12-02T09:22:22.746 tokio-runtime-worker(ThreadId(6)) [1P:op-ui/src/icon_types.rs:310] Unable to fetch resource for item np2cnaaq27s3wwblrvwzfure6u (Size: List, Scale: TwoX), resource likely not found
INFO  2022-12-02T09:22:22.763 tokio-runtime-worker(ThreadId(6)) [1P:op-app/src/app/backend/signin.rs:640] cancelling a sign in session
ERROR 2022-12-02T09:22:22.829 tokio-runtime-worker(ThreadId(6)) [1P:op-ui/src/icon_types.rs:310] Unable to fetch resource for item 4ylketlp5xzrogpcfwbrqtu3wu (Size: List, Scale: TwoX), resource likely not found
ERROR 2022-12-02T09:22:22.830 tokio-runtime-worker(ThreadId(6)) [1P:op-ui/src/icon_types.rs:310] Unable to fetch resource for item etifzffucwllbtdgcnlcnwj45m (Size: List, Scale: TwoX), resource likely not found
ERROR 2022-12-02T09:22:22.830 tokio-runtime-worker(ThreadId(6)) [1P:op-ui/src/icon_types.rs:310] Unable to fetch resource for item qbxauidmvgfzuvyesto6abkaxy (Size: List, Scale: TwoX), resource likely not found
ERROR 2022-12-02T09:22:22.830 tokio-runtime-worker(ThreadId(6)) [1P:op-ui/src/icon_types.rs:310] Unable to fetch resource for item wmuhlovs6y2dzr7irnjodcceku (Size: List, Scale: TwoX), resource likely not found
ERROR 2022-12-02T09:22:22.830 tokio-runtime-worker(ThreadId(6)) [1P:op-ui/src/icon_types.rs:310] Unable to fetch resource for item 6rje3uqbm2zrblcr5rdgcwy7yq (Size: List, Scale: TwoX), resource likely not found
ERROR 2022-12-02T09:22:22.830 tokio-runtime-worker(ThreadId(6)) [1P:op-ui/src/icon_types.rs:310] Unable to fetch resource for item np2cnaaq27s3wwblrvwzfure6u (Size: List, Scale: TwoX), resource likely not found
ERROR 2022-12-02T09:22:23.006 tokio-runtime-worker(ThreadId(2)) [1P:op-ui/src/icon_types.rs:310] Unable to fetch resource for item 4ylketlp5xzrogpcfwbrqtu3wu (Size: List, Scale: TwoX), resource likely not found
ERROR 2022-12-02T09:22:23.007 tokio-runtime-worker(ThreadId(2)) [1P:op-ui/src/icon_types.rs:310] Unable to fetch resource for item etifzffucwllbtdgcnlcnwj45m (Size: List, Scale: TwoX), resource likely not found
ERROR 2022-12-02T09:22:23.007 tokio-runtime-worker(ThreadId(2)) [1P:op-ui/src/icon_types.rs:310] Unable to fetch resource for item qbxauidmvgfzuvyesto6abkaxy (Size: List, Scale: TwoX), resource likely not found
ERROR 2022-12-02T09:22:23.007 tokio-runtime-worker(ThreadId(2)) [1P:op-ui/src/icon_types.rs:310] Unable to fetch resource for item wmuhlovs6y2dzr7irnjodcceku (Size: List, Scale: TwoX), resource likely not found
ERROR 2022-12-02T09:22:23.007 tokio-runtime-worker(ThreadId(2)) [1P:op-ui/src/icon_types.rs:310] Unable to fetch resource for item 6rje3uqbm2zrblcr5rdgcwy7yq (Size: List, Scale: TwoX), resource likely not found
ERROR 2022-12-02T09:22:23.008 tokio-runtime-worker(ThreadId(2)) [1P:op-ui/src/icon_types.rs:310] Unable to fetch resource for item np2cnaaq27s3wwblrvwzfure6u (Size: List, Scale: TwoX), resource likely not found
INFO  2022-12-02T09:22:23.199 tokio-runtime-worker(ThreadId(2)) [1P:data/op-account-ext-syncer/src/lib.rs:187] The B5 Notifier for (ACK76EKM2BBO3AZPAEZ372XPKE) has connected, now monitoring for events.
INFO  2022-12-02T09:22:26.864 tokio-runtime-worker(ThreadId(7)) [1P:op-syncer/src/sync_job.rs:291] synced account ACK76EKM2BBO3AZPAEZ372XPKE (3.992549418s)
INFO  2022-12-02T09:22:26.865 tokio-runtime-worker(ThreadId(7)) [1P:data/op-file-transfer/src/lib.rs:561] find_and_complete_pending_uploads: 'ACK76EKM2BBO3AZPAEZ372XPKE'
ERROR 2022-12-02T09:22:26.874 tokio-runtime-worker(ThreadId(2)) [1P:op-ui/src/icon_types.rs:310] Unable to fetch resource for item 4ylketlp5xzrogpcfwbrqtu3wu (Size: List, Scale: TwoX), resource likely not found
ERROR 2022-12-02T09:22:26.875 tokio-runtime-worker(ThreadId(2)) [1P:op-ui/src/icon_types.rs:310] Unable to fetch resource for item etifzffucwllbtdgcnlcnwj45m (Size: List, Scale: TwoX), resource likely not found
ERROR 2022-12-02T09:22:26.875 tokio-runtime-worker(ThreadId(2)) [1P:op-ui/src/icon_types.rs:310] Unable to fetch resource for item qbxauidmvgfzuvyesto6abkaxy (Size: List, Scale: TwoX), resource likely not found
ERROR 2022-12-02T09:22:26.875 tokio-runtime-worker(ThreadId(2)) [1P:op-ui/src/icon_types.rs:310] Unable to fetch resource for item wmuhlovs6y2dzr7irnjodcceku (Size: List, Scale: TwoX), resource likely not found
ERROR 2022-12-02T09:22:26.875 tokio-runtime-worker(ThreadId(2)) [1P:op-ui/src/icon_types.rs:310] Unable to fetch resource for item 6rje3uqbm2zrblcr5rdgcwy7yq (Size: List, Scale: TwoX), resource likely not found
ERROR 2022-12-02T09:22:26.875 tokio-runtime-worker(ThreadId(2)) [1P:op-ui/src/icon_types.rs:310] Unable to fetch resource for item np2cnaaq27s3wwblrvwzfure6u (Size: List, Scale: TwoX), resource likely not found
ERROR 2022-12-02T09:22:32.348 tokio-runtime-worker(ThreadId(7)) [1P:op-ui/src/icon_types.rs:310] Unable to fetch resource for item 4ylketlp5xzrogpcfwbrqtu3wu (Size: List, Scale: TwoX), resource likely not found
ERROR 2022-12-02T09:22:32.349 tokio-runtime-worker(ThreadId(7)) [1P:op-ui/src/icon_types.rs:310] Unable to fetch resource for item etifzffucwllbtdgcnlcnwj45m (Size: List, Scale: TwoX), resource likely not found
ERROR 2022-12-02T09:22:32.349 tokio-runtime-worker(ThreadId(7)) [1P:op-ui/src/icon_types.rs:310] Unable to fetch resource for item qbxauidmvgfzuvyesto6abkaxy (Size: List, Scale: TwoX), resource likely not found
ERROR 2022-12-02T09:22:32.349 tokio-runtime-worker(ThreadId(7)) [1P:op-ui/src/icon_types.rs:310] Unable to fetch resource for item wmuhlovs6y2dzr7irnjodcceku (Size: List, Scale: TwoX), resource likely not found
ERROR 2022-12-02T09:22:32.349 tokio-runtime-worker(ThreadId(7)) [1P:op-ui/src/icon_types.rs:310] Unable to fetch resource for item dh7atqo3q6xn6pdcxp7xfgewvi (Size: List, Scale: TwoX), resource likely not found
ERROR 2022-12-02T09:22:32.349 tokio-runtime-worker(ThreadId(7)) [1P:op-ui/src/icon_types.rs:310] Unable to fetch resource for item 6rje3uqbm2zrblcr5rdgcwy7yq (Size: List, Scale: TwoX), resource likely not found
ERROR 2022-12-02T09:22:32.349 tokio-runtime-worker(ThreadId(7)) [1P:op-ui/src/icon_types.rs:310] Unable to fetch resource for item rxme7n3vfzckfaiiuzs5gqcqzm (Size: List, Scale: TwoX), resource likely not found
ERROR 2022-12-02T09:22:32.349 tokio-runtime-worker(ThreadId(7)) [1P:op-ui/src/icon_types.rs:310] Unable to fetch resource for item urtom2l5rbxuhqmt2d3nribwra (Size: List, Scale: TwoX), resource likely not found
ERROR 2022-12-02T09:22:32.349 tokio-runtime-worker(ThreadId(7)) [1P:op-ui/src/icon_types.rs:310] Unable to fetch resource for item c2qnjmjv2jdxbboym6bew6cdaq (Size: List, Scale: TwoX), resource likely not found
ERROR 2022-12-02T09:22:32.349 tokio-runtime-worker(ThreadId(7)) [1P:op-ui/src/icon_types.rs:310] Unable to fetch resource for item bfpz67bvpzgb5koc2xvd3ofqfu (Size: List, Scale: TwoX), resource likely not found
ERROR 2022-12-02T09:22:32.349 tokio-runtime-worker(ThreadId(7)) [1P:op-ui/src/icon_types.rs:310] Unable to fetch resource for item 7yyk5c5gjnxk35tnv2kmjhm7eu (Size: List, Scale: TwoX), resource likely not found
ERROR 2022-12-02T09:22:32.350 tokio-runtime-worker(ThreadId(7)) [1P:op-ui/src/icon_types.rs:310] Unable to fetch resource for item np2cnaaq27s3wwblrvwzfure6u (Size: List, Scale: TwoX), resource likely not found
ERROR 2022-12-02T09:22:32.350 tokio-runtime-worker(ThreadId(7)) [1P:op-ui/src/icon_types.rs:310] Unable to fetch resource for item obt362jzdfgflk2y5ywyvxwile (Size: List, Scale: TwoX), resource likely not found
ERROR 2022-12-02T09:22:32.351 tokio-runtime-worker(ThreadId(7)) [1P:op-ui/src/icon_types.rs:310] Unable to fetch resource for item hh7o5wwwf5ebnm4qswzwjopfve (Size: List, Scale: TwoX), resource likely not found
INFO  2022-12-02T09:58:38.227 op_executor:invocation_loop(ThreadId(17)) [1P:op-app/src/app/backend/frontend.rs:27] Front end event: window closed
INFO  2022-12-02T10:18:54.536 ThreadId(24) [1P:op-auto-lock/src/linux.rs:465] X screensaver event detected
INFO  2022-12-02T10:18:54.543 op_executor:invocation_loop(ThreadId(17)) [1P:op-app/src/app/backend/lock.rs:90] Lock state changed: Locked
INFO  2022-12-02T10:18:54.544 op_executor:invocation_loop(ThreadId(17)) [1P:op-app/src/app/backend/lock.rs:105] Locked. Reason: Automatic(ScreenSaverActivated).
ERROR 2022-12-02T10:41:05.344 tokio-runtime-worker(ThreadId(5)) [1P:native-messaging/op-native-core-integration/src/connection_handler.rs:60] message from b5x was None: EndConnection
ERROR 2022-12-02T10:41:05.344 tokio-runtime-worker(ThreadId(5)) [1P:native-messaging/op-native-core-integration/src/connection_handler.rs:31] Dropping connection with b5x due to error handling incoming message: EndConnection
INFO  2022-12-02T11:03:39.166 op_executor:invocation_loop(ThreadId(17)) [1P:op-app/src/app/backend/frontend.rs:27] Front end event: window closed
INFO  2022-12-02T11:03:46.676 tokio-runtime-worker(ThreadId(4)) [1P:native-messaging/op-native-core-integration/src/lib.rs:305] Extension connecting.
INFO  2022-12-02T11:03:46.676 tokio-runtime-worker(ThreadId(4)) [1P:native-messaging/op-native-core-integration/src/lib.rs:307] Extension connection accepted.
ERROR 2022-12-02T11:10:00.276 tokio-runtime-worker(ThreadId(4)) [1P:op-app/src/app/backend/unlock.rs:288] FailedToUnlockWithKeys(FailedSystemAuthenticationChallenge)
ERROR 2022-12-02T11:10:00.281 tokio-runtime-worker(ThreadId(4)) [1P:op-app/src/app/backend/unlock.rs:288] FailedToUnlockWithKeys(FailedSystemAuthenticationChallenge)
ERROR 2022-12-02T11:10:04.027 tokio-runtime-worker(ThreadId(7)) [1P:/builds/dev/core/core/op-data-layer/src/unlock.rs:220] cannot unlock keychain: UnlockError(CannotUnlockKeychain(DecryptingSymmetricKey(GcmFailedToDecrypt)))
ERROR 2022-12-02T11:10:04.063 tokio-runtime-worker(ThreadId(7)) [1P:/builds/dev/core/core/op-data-layer/src/unlock.rs:220] cannot unlock keychain: UnlockError(CannotUnlockKeychain(DecryptingSymmetricKey(GcmFailedToDecrypt)))
WARN  2022-12-02T11:10:04.063 tokio-runtime-worker(ThreadId(7)) [1P:op-app/src/app/backend/lock_screen.rs:571] the password entered may be incorrect
ERROR 2022-12-02T11:10:04.063 tokio-runtime-worker(ThreadId(7)) [1P:op-app/src/app/backend/lock_screen.rs:572] NoNewAccountsUnlocked
WARN  2022-12-02T11:10:04.063 tokio-runtime-worker(ThreadId(7)) [1P:op-app/src/app/backend/lock_screen.rs:434] failed unlock count was too high, resetting state
INFO  2022-12-02T11:10:10.371 tokio-runtime-worker(ThreadId(4)) [1P:op-data-layer/src/load.rs:97] loaded 726 items in 6 vaults for account: 36UMSKCEQVECLD7M67FDLPHCXE
ERROR 2022-12-02T11:10:10.408 tokio-runtime-worker(ThreadId(5)) [1P:/builds/dev/core/core/op-data-layer/src/unlock.rs:220] cannot unlock keychain: UnlockError(CannotUnlockKeychain(DecryptingSymmetricKey(GcmFailedToDecrypt)))
INFO  2022-12-02T11:10:10.408 op_executor:invocation_loop(ThreadId(17)) [1P:op-app/src/app/backend/unlock.rs:123] Lock state changed: Unlocked
INFO  2022-12-02T11:10:10.417 op_executor:invocation_loop(ThreadId(17)) [1P:op-app/src/app/backend/frontend.rs:27] Front end event: window closed
WARN  2022-12-02T11:10:10.531 tokio-runtime-worker(ThreadId(7)) [1P:op-data-layer/src/unlock.rs:1039] cannot decrypt keysets
INFO  2022-12-02T11:10:11.984 tokio-runtime-worker(ThreadId(7)) [1P:data/op-account-ext-syncer/src/lib.rs:187] The B5 Notifier for (36UMSKCEQVECLD7M67FDLPHCXE) has connected, now monitoring for events.
INFO  2022-12-02T11:10:12.120 tokio-runtime-worker(ThreadId(7)) [1P:op-syncer/src/sync_job.rs:291] synced account 36UMSKCEQVECLD7M67FDLPHCXE (0.593712902s)
INFO  2022-12-02T11:10:12.120 tokio-runtime-worker(ThreadId(7)) [1P:data/op-file-transfer/src/lib.rs:561] find_and_complete_pending_uploads: '36UMSKCEQVECLD7M67FDLPHCXE'
ERROR 2022-12-02T12:34:21.774 tokio-runtime-worker(ThreadId(5)) [1P:native-messaging/op-native-core-integration/src/connection_handler.rs:60] message from b5x was None: EndConnection
ERROR 2022-12-02T12:34:21.774 tokio-runtime-worker(ThreadId(5)) [1P:native-messaging/op-native-core-integration/src/connection_handler.rs:31] Dropping connection with b5x due to error handling incoming message: EndConnection
INFO  2022-12-02T12:36:13.407 tokio-runtime-worker(ThreadId(5)) [1P:native-messaging/op-native-core-integration/src/lib.rs:305] Extension connecting.
INFO  2022-12-02T12:36:13.407 tokio-runtime-worker(ThreadId(5)) [1P:native-messaging/op-native-core-integration/src/lib.rs:307] Extension connection accepted.
ERROR 2022-12-02T12:49:07.907 tokio-runtime-worker(ThreadId(5)) [1P:native-messaging/op-native-core-integration/src/connection_handler.rs:60] message from b5x was None: EndConnection
ERROR 2022-12-02T12:49:07.907 tokio-runtime-worker(ThreadId(5)) [1P:native-messaging/op-native-core-integration/src/connection_handler.rs:31] Dropping connection with b5x due to error handling incoming message: EndConnection
ERROR 2022-12-02T12:49:07.911 ThreadId(10) [client:typescript] Attempted to update the window state after it was destroyed. Caused by app before-quit event.
